
============================================================
[14:40:40.971] C→S UNKNOWN_33 (cmd=33)
Payload Length: 39 bytes
HEX: 24 37 38 65 65 38 32 30 32 2D 35 38 65 39 2D 34 38 61 62 2D 62 33 64 36 2D 33 32 34 32 38 39 30 30 31 63 64 64 01 31
ASC: $78ee8202-58e9-48ab-b3d6-324289001cdd.1

============================================================
[14:40:40.990] S→C UNKNOWN_34 (cmd=34)
Payload Length: 2 bytes
HEX: 01 00
ASC: ..

============================================================
[14:40:40.993] C→S UNKNOWN_257 (cmd=257)
Payload Length: 2 bytes
HEX: 10 D5
ASC: ..

============================================================
[14:40:40.997] S→C UNKNOWN_258 (cmd=258)
Payload Length: 220 bytes
HEX: 03 00 47 03 61 61 61 00 00 00 01 00 01 00 01 31 1A 32 30 32 36 2D 30 32 2D 30 31 20 31 33 3A 35 30 3A 30 33 2E 30 37 30 30 30 30 1A 32 30 32 36 2D 30 32 2D 30 31 20 31 33 3A 35 30 3A 30 33 2E 30 37 30 30 30 30 00 00 00 00 00 49 05 61 64 6D 69 6E 00 00 00 01 00 01 00 01 31 1A 32 30 32 36 2D 30 32 2D 30 31 20 31 33 3A 35 31 3A 30 33 2E 32 39 30 30 30 30 1A 32 30 32 36 2D 30 32 2D 30 31 20 31 33 3A 35 31 3A 30 33 2E 32 39 30 30 30 30 00 00 00 00 00 45 01 74 00 00 00 01 00 01 00 01 31 1A 32 30 32 36 2D 30 32 2D 30 31 20 31 33 3A 35 32 3A 30 32 2E 39 36 33 30 30 30 1A 32 30 32 36 2D 30 32 2D 30 31 20 31 33 3A 35 32 3A 30 32 2E 39 36 33 30 30 30 00 00 00 00
ASC: ..G.aaa........1.2026-02-01 13:50:03.070000.2026-02-01 13:50:03.070000.....I.admin........1.2026-02-01 13:51:03.290000.2026-02-01 13:51:03.290000.....E.t........1.2026-02-01 13:52:02.963000.2026-02-01 13:52:02.963000....

============================================================
[14:40:47.738] C→S UNKNOWN_265 (cmd=265)
Payload Length: 7 bytes
HEX: 05 61 64 6D 69 6E 00
ASC: .admin.

============================================================
[14:40:47.742] S→C UNKNOWN_272 (cmd=272)
Payload Length: 2 bytes
HEX: 01 00
ASC: ..

============================================================
[14:40:52.543] C→S UNKNOWN_513 (cmd=513)
Payload Length: 0 bytes
<empty>

============================================================
[14:40:52.564] S→C UNKNOWN_514 (cmd=514)
Payload Length: 500 bytes
HEX: 01 D6 05 61 64 6D 69 6E 00 00 00 01 00 01 00 00 00 02 61 31 00 04 03 84 02 BC 00 00 00 00 00 00 00 00 00 00 00 00 00 00 00 00 00 00 00 00 D4 00 00 00 05 00 00 00 05 00 00 00 05 00 00 00 05 40 59 00 00 00 00 00 00 40 59 00 00 00 00 00 00 00 00 00 64 00 00 00 64 00 00 00 00 00 00 00 64 00 00 00 00 00 00 00 64 00 00 00 0A 00 00 00 05 00 00 00 00 00 00 00 0A 00 00 00 05 00 00 00 00 00 00 00 32 3F 73 33 33 00 00 00 0A 3D 4C CC CD 00 00 00 0A 3D 4C CC CD 00 00 00 00 00 00 00 00 3F C0 00 00 00 00 00 00 00 00 00 00 00 00 00 00 3F 80 00 00 3F 80 00 00 00 00 00 00 00 00 00 C8 00 00 00 00 00 00 00 00 00 00 00 00 00 00 00 00 00 00 00 00 00 00 00 00 00 00 00 00 00 00 00 00 00 00 00 00 00 00 00 00 00 00 00 00 00 00 00 00 00 00 00 00 00 00 00 00 00 00 00 00 00 00 00 00 00 ... (+244 bytes)
ASC: ...admin..........a1...........................................@Y......@Y.........d...d.......d.......d...........................2?s33....=L......=L..........?...............?...?............................................................................

============================================================
[14:40:52.567] S→C UNKNOWN_522 (cmd=522)
Payload Length: 15 bytes
HEX: 02 61 31 00 00 00 00 00 00 00 00 03 00 00 00
ASC: .a1............

============================================================
[14:40:52.569] S→C UNKNOWN_518 (cmd=518)
Payload Length: 11 bytes
HEX: 02 61 31 00 04 03 84 02 BC 00 00
ASC: .a1........

============================================================
[14:40:52.572] S→C UNKNOWN_5122 (cmd=5122)
Payload Length: 2 bytes
Parsed: bagIndex=1, capacity=36
HEX: 01 24
ASC: .$

============================================================
[14:40:52.578] S→C UNKNOWN_5122 (cmd=5122)
Payload Length: 2 bytes
Parsed: bagIndex=2, capacity=3
HEX: 02 03
ASC: ..

============================================================
[14:40:52.582] S→C UNKNOWN_5122 (cmd=5122)
Payload Length: 2 bytes
Parsed: bagIndex=3, capacity=3
HEX: 03 03
ASC: ..

============================================================
[14:40:52.955] C→S UNKNOWN_521 (cmd=521)
Payload Length: 0 bytes
<empty>

============================================================
[14:40:52.959] S→C UNKNOWN_522 (cmd=522)
Payload Length: 15 bytes
HEX: 02 61 31 00 00 00 00 00 00 00 00 03 00 00 00
ASC: .a1............

============================================================
[14:40:52.962] S→C UNKNOWN_518 (cmd=518)
Payload Length: 11 bytes
HEX: 02 61 31 00 04 03 84 02 BC 00 00
ASC: .a1........

============================================================
[14:40:52.964] S→C UNKNOWN_5122 (cmd=5122)
Payload Length: 2 bytes
Parsed: bagIndex=1, capacity=36
HEX: 01 24
ASC: .$

============================================================
[14:40:52.968] S→C UNKNOWN_5122 (cmd=5122)
Payload Length: 2 bytes
Parsed: bagIndex=2, capacity=3
HEX: 02 03
ASC: ..

============================================================
[14:40:52.971] S→C UNKNOWN_5122 (cmd=5122)
Payload Length: 2 bytes
Parsed: bagIndex=3, capacity=3
HEX: 03 03
ASC: ..

============================================================
[14:40:53.630] C→S UNKNOWN_49 (cmd=49)
Payload Length: 4 bytes
Parsed: cycTick=19031
HEX: 00 00 4A 57
ASC: ..JW

============================================================
[14:40:53.631] S→C UNKNOWN_49 (cmd=49)
Payload Length: 4 bytes
Parsed: cycTick=19031
HEX: 00 00 4A 57
ASC: ..JW

============================================================
[14:40:53.661] C→S UNKNOWN_12081 (cmd=12081)
Payload Length: 1 bytes
HEX: 02
ASC: .

============================================================
[14:40:54.099] C→S UNKNOWN_12081 (cmd=12081)
Payload Length: 1 bytes
HEX: 02
ASC: .

============================================================
[14:40:55.995] C→S UNKNOWN_50 (cmd=50)
Payload Length: 39 bytes
HEX: 26 7B 22 70 61 69 22 3A 7B 7D 2C 22 73 73 74 22 3A 7B 22 6D 70 6E 22 3A 32 30 2C 22 63 61 74 22 3A 74 72 75 65 7D 7D
ASC: &{"pai":{},"sst":{"mpn":20,"cat":true}}

============================================================
[14:40:56.635] C→S UNKNOWN_49 (cmd=49)
Payload Length: 4 bytes
Parsed: cycTick=22035
HEX: 00 00 56 13
ASC: ..V.

============================================================
[14:40:56.636] S→C UNKNOWN_49 (cmd=49)
Payload Length: 4 bytes
Parsed: cycTick=22035
HEX: 00 00 56 13
ASC: ..V.

============================================================
[14:40:59.655] C→S UNKNOWN_49 (cmd=49)
Payload Length: 4 bytes
Parsed: cycTick=25056
HEX: 00 00 61 E0
ASC: ..a.

============================================================
[14:40:59.656] S→C UNKNOWN_49 (cmd=49)
Payload Length: 4 bytes
Parsed: cycTick=25056
HEX: 00 00 61 E0
ASC: ..a.
